<?xml version="1.0" encoding="UTF-8"?>
<!-- Generated by org.testng.reporters.JUnitReportReporter -->
<testsuite skipped="0" hostname="DESKTOP-G7T2S7K" name="JavaArray" tests="1" failures="0" timestamp="2020-02-01T14:15:41 IST" time="0.012" errors="0">
  <testcase name="main" time="0.012" classname="JavaArray"/>
</testsuite> <!-- JavaArray -->
